app/build/intermediates/manifest_merge_blame_file/debug/manifest-merger-blame-debug-report.txt
1<?xml version="1.0" encoding="utf-8"?>
2<manifest xmlns:android="http://schemas.android.com/apk/res/android"
3    package="com.example.diet.androiddieticianapp"
4    android:versionCode="1"
5    android:versionName="1.0" >
6
7    <uses-sdk
7-->src\main\AndroidManifest.xml:9:5-17
8        android:minSdkVersion="15"
8-->src\main\AndroidManifest.xml:9:5-17
9        android:targetSdkVersion="29" />
9-->src\main\AndroidManifest.xml:9:5-17
10
11    <uses-permission android:name="android.permission.WRITE_EXTERNAL_STORAGE" />
11-->src\main\AndroidManifest.xml:5:5-81
11-->src\main\AndroidManifest.xml:5:22-78
12    <uses-permission android:name="android.permission.READ_EXTERNAL_STORAGE" />
12-->src\main\AndroidManifest.xml:6:5-80
12-->src\main\AndroidManifest.xml:6:22-77
13    <uses-permission android:name="android.permission.CAMERA" />
13-->src\main\AndroidManifest.xml:11:5-65
13-->src\main\AndroidManifest.xml:11:22-62
14
15    <uses-feature android:name="android.hardware.camera" />
15-->src\main\AndroidManifest.xml:13:5-60
15-->src\main\AndroidManifest.xml:13:19-57
16    <uses-feature android:name="android.hardware.camera.autofocus" />
16-->src\main\AndroidManifest.xml:14:5-70
16-->src\main\AndroidManifest.xml:14:19-67
17
18    <application
18-->src\main\AndroidManifest.xml:16:5-64:19
19        android:allowBackup="true"
19-->src\main\AndroidManifest.xml:17:9-35
20        android:debuggable="true"
21        android:icon="@mipmap/ic_launcher"
21-->src\main\AndroidManifest.xml:18:9-43
22        android:label="@string/app_name"
22-->src\main\AndroidManifest.xml:19:9-41
23        android:requestLegacyExternalStorage="true"
23-->src\main\AndroidManifest.xml:20:9-52
24        android:supportsRtl="true"
24-->src\main\AndroidManifest.xml:21:9-35
25        android:testOnly="true"
26        android:theme="@style/AppTheme" >
26-->src\main\AndroidManifest.xml:22:9-40
27        <activity
27-->src\main\AndroidManifest.xml:23:9-31:20
28            android:name="com.example.diet.androiddieticianapp.LoginActivity"
28-->src\main\AndroidManifest.xml:24:13-42
29            android:exported="true" >
29-->src\main\AndroidManifest.xml:25:13-36
30            <intent-filter>
30-->src\main\AndroidManifest.xml:26:13-30:29
31                <action android:name="android.intent.action.MAIN" />
31-->src\main\AndroidManifest.xml:27:17-69
31-->src\main\AndroidManifest.xml:27:25-66
32
33                <category android:name="android.intent.category.LAUNCHER" />
33-->src\main\AndroidManifest.xml:29:17-77
33-->src\main\AndroidManifest.xml:29:27-74
34            </intent-filter>
35        </activity>
36        <activity android:name="com.example.diet.androiddieticianapp.DietPlan" />
36-->src\main\AndroidManifest.xml:32:9-55
36-->src\main\AndroidManifest.xml:32:19-43
37        <activity android:name="com.example.diet.androiddieticianapp.NormalWeight" />
37-->src\main\AndroidManifest.xml:33:9-59
37-->src\main\AndroidManifest.xml:33:19-47
38        <activity android:name="com.example.diet.androiddieticianapp.Obese" />
38-->src\main\AndroidManifest.xml:34:9-52
38-->src\main\AndroidManifest.xml:34:19-40
39        <activity android:name="com.example.diet.androiddieticianapp.OverWeight" />
39-->src\main\AndroidManifest.xml:35:9-57
39-->src\main\AndroidManifest.xml:35:19-45
40        <activity android:name="com.example.diet.androiddieticianapp.ViewItems" />
40-->src\main\AndroidManifest.xml:36:9-56
40-->src\main\AndroidManifest.xml:36:19-44
41        <activity android:name="com.example.diet.androiddieticianapp.MainActivity" />
41-->src\main\AndroidManifest.xml:37:9-59
41-->src\main\AndroidManifest.xml:37:19-47
42        <activity android:name="com.example.diet.androiddieticianapp.RegisterActivity" />
42-->src\main\AndroidManifest.xml:38:9-63
42-->src\main\AndroidManifest.xml:38:19-51
43        <activity android:name="com.example.diet.androiddieticianapp.AdminActivity" />
43-->src\main\AndroidManifest.xml:39:9-60
43-->src\main\AndroidManifest.xml:39:19-48
44        <activity android:name="com.example.diet.androiddieticianapp.DieticianActivity" />
44-->src\main\AndroidManifest.xml:40:9-64
44-->src\main\AndroidManifest.xml:40:19-52
45        <activity android:name="com.example.diet.androiddieticianapp.AddFoodActivity" />
45-->src\main\AndroidManifest.xml:41:9-62
45-->src\main\AndroidManifest.xml:41:19-50
46        <activity android:name="com.example.diet.androiddieticianapp.UserModify" />
46-->src\main\AndroidManifest.xml:42:9-57
46-->src\main\AndroidManifest.xml:42:19-45
47        <activity android:name="com.example.diet.androiddieticianapp.FeedBackActivity" />
47-->src\main\AndroidManifest.xml:43:9-63
47-->src\main\AndroidManifest.xml:43:19-51
48        <activity android:name="com.example.diet.androiddieticianapp.ChangePassword" />
48-->src\main\AndroidManifest.xml:44:9-61
48-->src\main\AndroidManifest.xml:44:19-49
49        <activity android:name="com.example.diet.androiddieticianapp.ForgotPassword" />
49-->src\main\AndroidManifest.xml:45:9-61
49-->src\main\AndroidManifest.xml:45:19-49
50        <activity android:name="com.example.diet.androiddieticianapp.AIFood.DetectorActivity" />
50-->src\main\AndroidManifest.xml:46:9-70
50-->src\main\AndroidManifest.xml:46:19-58
51        <activity android:name="com.example.diet.androiddieticianapp.AIFood.CameraActivity" />
51-->src\main\AndroidManifest.xml:47:9-68
51-->src\main\AndroidManifest.xml:47:19-56
52        <activity android:name="com.example.diet.androiddieticianapp.ViewFoodActivity" />
52-->src\main\AndroidManifest.xml:48:9-63
52-->src\main\AndroidManifest.xml:48:19-51
53        <activity android:name="com.example.diet.androiddieticianapp.fooditemupdate" />
53-->src\main\AndroidManifest.xml:49:9-61
53-->src\main\AndroidManifest.xml:49:19-49
54        <activity android:name="com.example.diet.androiddieticianapp.SendResponse" />
54-->src\main\AndroidManifest.xml:50:9-59
54-->src\main\AndroidManifest.xml:50:19-47
55        <activity android:name="com.example.diet.androiddieticianapp.ResponseActivity" />
55-->src\main\AndroidManifest.xml:51:9-63
55-->src\main\AndroidManifest.xml:51:19-51
56
57        <provider
57-->src\main\AndroidManifest.xml:54:9-62:20
58            android:name="android.support.v4.content.FileProvider"
58-->src\main\AndroidManifest.xml:55:13-67
59            android:authorities="com.example.diet.androiddieticianapp.fileprovider"
59-->src\main\AndroidManifest.xml:56:13-84
60            android:exported="false"
60-->src\main\AndroidManifest.xml:57:13-37
61            android:grantUriPermissions="true" >
61-->src\main\AndroidManifest.xml:58:13-47
62            <meta-data
62-->src\main\AndroidManifest.xml:59:13-61:58
63                android:name="android.support.FILE_PROVIDER_PATHS"
63-->src\main\AndroidManifest.xml:60:17-67
64                android:resource="@xml/provider_paths" />
64-->src\main\AndroidManifest.xml:61:17-55
65        </provider>
66    </application>
67
68</manifest>